c:\datastructures\lab06\temp\vs2022\debug\vc143.pdb
c:\datastructures\lab06\temp\vs2022\debug\vc143.idb
c:\datastructures\lab06\temp\vs2022\debug\worddrawer.obj
c:\datastructures\lab06\temp\vs2022\debug\textcircle.obj
c:\datastructures\lab06\temp\vs2022\debug\stack_and_queue_tests.obj
c:\datastructures\lab06\temp\vs2022\debug\main.obj
c:\datastructures\lab06\temp\vs2022\debug\linked_list_tests.obj
c:\datastructures\lab06\temp\vs2022\debug\foo.obj
c:\datastructures\lab06\temp\vs2022\debug\array_list_utility_tests.obj
c:\datastructures\lab06\temp\vs2022\debug\array_list_tests.obj
c:\datastructures\lab06\temp\vs2022\debug\lab06.tlog\cl.command.1.tlog
c:\datastructures\lab06\temp\vs2022\debug\lab06.tlog\cl.read.1.tlog
c:\datastructures\lab06\temp\vs2022\debug\lab06.tlog\cl.write.1.tlog
c:\datastructures\lab06\temp\vs2022\debug\lab06.tlog\link-cvtres.read.1.tlog
c:\datastructures\lab06\temp\vs2022\debug\lab06.tlog\link-cvtres.write.1.tlog
c:\datastructures\lab06\temp\vs2022\debug\lab06.tlog\link-rc.read.1.tlog
c:\datastructures\lab06\temp\vs2022\debug\lab06.tlog\link-rc.write.1.tlog
c:\datastructures\lab06\temp\vs2022\debug\lab06.tlog\link.command.1.tlog
c:\datastructures\lab06\temp\vs2022\debug\lab06.tlog\link.read.1.tlog
c:\datastructures\lab06\temp\vs2022\debug\lab06.tlog\link.read.2.tlog
c:\datastructures\lab06\temp\vs2022\debug\lab06.tlog\link.write.1.tlog
