c:\datastructures\lab07\temp\vs2022\debug\vc143.pdb
c:\datastructures\lab07\temp\vs2022\debug\vc143.idb
c:\datastructures\lab07\temp\vs2022\debug\orderedset_tests.obj
c:\datastructures\lab07\temp\vs2022\debug\worddrawer.obj
c:\datastructures\lab07\temp\vs2022\debug\textcircle.obj
c:\datastructures\lab07\temp\vs2022\debug\stack_and_queue_tests.obj
c:\datastructures\lab07\temp\vs2022\debug\main.obj
c:\datastructures\lab07\temp\vs2022\debug\linked_list_tests.obj
c:\datastructures\lab07\temp\vs2022\debug\foo.obj
c:\datastructures\lab07\temp\vs2022\debug\array_list_utility_tests.obj
c:\datastructures\lab07\temp\vs2022\debug\array_list_tests.obj
c:\datastructures\lab07\temp\vs2022\debug\lab07_d.ilk
c:\datastructures\lab07\bin\vs2022\debug\lab07_d.exe
c:\datastructures\lab07\bin\vs2022\debug\lab07_d.pdb
c:\datastructures\lab07\temp\vs2022\debug\lab07.tlog\cl.command.1.tlog
c:\datastructures\lab07\temp\vs2022\debug\lab07.tlog\cl.items.tlog
c:\datastructures\lab07\temp\vs2022\debug\lab07.tlog\cl.read.1.tlog
c:\datastructures\lab07\temp\vs2022\debug\lab07.tlog\cl.write.1.tlog
c:\datastructures\lab07\temp\vs2022\debug\lab07.tlog\link.command.1.tlog
c:\datastructures\lab07\temp\vs2022\debug\lab07.tlog\link.read.1.tlog
c:\datastructures\lab07\temp\vs2022\debug\lab07.tlog\link.write.1.tlog
